<?xml version="1.0" encoding="utf-8"?><testsuites name="pytest tests"><testsuite name="pytest" errors="0" failures="0" skipped="0" tests="21" time="2.065" timestamp="2026-04-22T20:29:20.275487+00:00" hostname="agent-env-b735c731-5d88-4f4f-b86b-0f322c8dd54b"><testcase classname="backend.tests.test_reviews_admin.TestReviewSubmission" name="test_submit_5star_with_consent_routes_promote" time="0.199" /><testcase classname="backend.tests.test_reviews_admin.TestReviewSubmission" name="test_submit_4star_without_consent_routes_thanks" time="0.052" /><testcase classname="backend.tests.test_reviews_admin.TestReviewSubmission" name="test_submit_low_rating_routes_followup" time="0.057" /><testcase classname="backend.tests.test_reviews_admin.TestReviewSubmission" name="test_invalid_rating_rejected" time="0.049" /><testcase classname="backend.tests.test_reviews_admin.TestReviewSubmission" name="test_short_text_rejected" time="0.049" /><testcase classname="backend.tests.test_reviews_admin.TestReviewSubmission" name="test_invalid_service_type_rejected" time="0.059" /><testcase classname="backend.tests.test_reviews_admin.TestReviewSubmission" name="test_bad_email_rejected" time="0.051" /><testcase classname="backend.tests.test_reviews_admin.TestAdminAuth" name="test_wrong_password_401" time="0.497" /><testcase classname="backend.tests.test_reviews_admin.TestAdminAuth" name="test_unauthenticated_admin_reviews_401" time="0.048" /><testcase classname="backend.tests.test_reviews_admin.TestAdminAuth" name="test_admin_me_requires_token" time="0.330" /><testcase classname="backend.tests.test_reviews_admin.TestAdminReviews" name="test_list_all_reviews_includes_pii" time="0.059" /><testcase classname="backend.tests.test_reviews_admin.TestAdminReviews" name="test_filter_pending" time="0.049" /><testcase classname="backend.tests.test_reviews_admin.TestAdminReviews" name="test_low_rating_auto_flagged_followup" time="0.052" /><testcase classname="backend.tests.test_reviews_admin.TestAdminReviews" name="test_approve_moves_to_approved_and_sets_reviewedAt" time="0.049" /><testcase classname="backend.tests.test_reviews_admin.TestAdminReviews" name="test_invalid_status_422" time="0.051" /><testcase classname="backend.tests.test_reviews_admin.TestAdminReviews" name="test_followup_toggle" time="0.097" /><testcase classname="backend.tests.test_reviews_admin.TestAdminReviews" name="test_reject_review" time="0.049" /><testcase classname="backend.tests.test_reviews_admin.TestAdminReviews" name="test_moderate_not_found_404" time="0.049" /><testcase classname="backend.tests.test_reviews_admin.TestPublicReviews" name="test_public_only_approved_consented_and_pii_stripped" time="0.051" /><testcase classname="backend.tests.test_reviews_admin.TestContactRegression" name="test_contact_post" time="0.052" /><testcase classname="backend.tests.test_reviews_admin.TestContactRegression" name="test_contact_list" time="0.050" /></testsuite></testsuites>